2024-09-08 22:18:02,845 - INFO: Logger initialized successfully.
2024-09-08 22:18:02,848 - INFO: Logger initialized successfully.
2024-09-08 22:18:02,851 - INFO: Trader initialized with ticker AAPL
2024-09-08 22:18:02,858 - DEBUG: Starting new HTTPS connection (1): paper-api.alpaca.markets:443
2024-09-08 22:18:04,345 - DEBUG: https://paper-api.alpaca.markets:443 "GET /v2/account HTTP/1.1" 200 None
2024-09-08 22:18:04,347 - INFO: Account balance: 100000
2024-09-08 22:18:06,507 - INFO: Trader initialized with ticker AMZN
2024-09-08 22:18:06,514 - DEBUG: Starting new HTTPS connection (1): data.alpaca.markets:443
2024-09-08 22:18:07,828 - DEBUG: https://data.alpaca.markets:443 "GET /v2/stocks/AMZN/bars?timeframe=1Day&adjustment=raw&start=2024-05-31&end=2024-09-08&limit=100&feed=iex HTTP/1.1" 200 None
2024-09-08 22:18:07,882 - INFO: Fetching news articles for AMZN...
2024-09-08 22:18:07,890 - DEBUG: Starting new HTTPS connection (1): finnhub.io:443
2024-09-08 22:18:08,954 - DEBUG: https://finnhub.io:443 "GET /api/v1/company-news?symbol=AMZN&from=2023-09-01&to=2024-09-08&token=crep6r9r01qnd5d02ne0crep6r9r01qnd5d02neg HTTP/1.1" 200 None
2024-09-08 22:18:09,017 - INFO: Overall sentiment score for AMZN: 3
2024-09-08 22:18:09,021 - INFO: Not enough data to calculate 100-day moving average. Using available 68 days.
2024-09-08 22:18:09,032 - INFO: Last Close: 171.45
2024-09-08 22:18:09,034 - INFO: Short-Term (20-day) Moving Average: 174.4085
2024-09-08 22:18:09,036 - INFO: Mid-Term (50-day) Moving Average: 181.38490000000002
2024-09-08 22:18:09,038 - INFO: Long-Term (100-day) Moving Average: 182.2071323529412
2024-09-08 22:18:09,039 - INFO: RSI (14-day): 42.6175382989963
2024-09-08 22:18:09,040 - INFO: Volume Spike: True
2024-09-08 22:18:09,041 - INFO: Overall Score: 70.0%
2024-09-08 22:18:09,043 - INFO: BUY signal for AMZN. All conditions met.
