2024-09-11 01:00:56,151 - INFO: Logger initialized successfully.
2024-09-11 01:00:56,151 - INFO: Logger initialized successfully.
2024-09-11 01:00:56,153 - INFO: Trader initialized with ticker AAPL
2024-09-11 01:00:56,155 - DEBUG: Starting new HTTPS connection (1): paper-api.alpaca.markets:443
2024-09-11 01:00:57,317 - DEBUG: https://paper-api.alpaca.markets:443 "GET /v2/account HTTP/1.1" 200 None
2024-09-11 01:00:57,318 - INFO: Account balance: 99825.38
2024-09-11 01:01:03,101 - INFO: Trader initialized with ticker AMZN
2024-09-11 01:01:03,104 - DEBUG: Starting new HTTPS connection (1): data.alpaca.markets:443
2024-09-11 01:01:04,321 - DEBUG: https://data.alpaca.markets:443 "GET /v2/stocks/AMZN/bars?timeframe=1Day&adjustment=raw&start=2024-04-14&end=2024-09-11&limit=100&feed=iex HTTP/1.1" 200 None
2024-09-11 01:01:04,335 - INFO: Fetching news articles for AMZN...
2024-09-11 01:01:04,337 - DEBUG: Starting new HTTPS connection (1): finnhub.io:443
2024-09-11 01:01:05,622 - DEBUG: https://finnhub.io:443 "GET /api/v1/company-news?symbol=AMZN&from=2023-09-01&to=2024-09-08&token=crep6r9r01qnd5d02ne0crep6r9r01qnd5d02neg HTTP/1.1" 200 None
2024-09-11 01:01:06,017 - INFO: Overall sentiment score for AMZN: 0
2024-09-11 01:01:06,019 - INFO: Last Close: 177.87
2024-09-11 01:01:06,020 - INFO: Short-Term MA: 174.123
2024-09-11 01:01:06,020 - INFO: Mid-Term MA: 181.8277
2024-09-11 01:01:06,021 - INFO: Long-Term MA: 182.39145
2024-09-11 01:01:06,021 - INFO: RSI: 50.437636761487965
2024-09-11 01:01:06,021 - INFO: Volume Spike: True
2024-09-11 01:01:06,022 - INFO: Overall Score: 40.0%
2024-09-11 01:01:06,022 - INFO: NO BUY signal for AMZN. Conditions not met.
