2024-09-11 01:01:23,157 - INFO: Logger initialized successfully.
2024-09-11 01:01:23,158 - INFO: Logger initialized successfully.
2024-09-11 01:01:23,159 - INFO: Trader initialized with ticker AAPL
2024-09-11 01:01:23,162 - DEBUG: Starting new HTTPS connection (1): paper-api.alpaca.markets:443
2024-09-11 01:01:24,316 - DEBUG: https://paper-api.alpaca.markets:443 "GET /v2/account HTTP/1.1" 200 None
2024-09-11 01:01:24,317 - INFO: Account balance: 99825.38
2024-09-11 01:01:25,245 - INFO: Trader initialized with ticker NVDA
2024-09-11 01:01:25,246 - DEBUG: Starting new HTTPS connection (1): data.alpaca.markets:443
2024-09-11 01:01:26,688 - DEBUG: https://data.alpaca.markets:443 "GET /v2/stocks/NVDA/bars?timeframe=1Day&adjustment=raw&start=2024-04-14&end=2024-09-11&limit=100&feed=iex HTTP/1.1" 200 None
2024-09-11 01:01:26,700 - INFO: Fetching news articles for NVDA...
2024-09-11 01:01:26,702 - DEBUG: Starting new HTTPS connection (1): finnhub.io:443
2024-09-11 01:01:27,638 - DEBUG: https://finnhub.io:443 "GET /api/v1/company-news?symbol=NVDA&from=2023-09-01&to=2024-09-08&token=crep6r9r01qnd5d02ne0crep6r9r01qnd5d02neg HTTP/1.1" 200 None
2024-09-11 01:01:27,923 - INFO: Overall sentiment score for NVDA: 1
2024-09-11 01:01:27,926 - INFO: Last Close: 107.17
2024-09-11 01:01:27,926 - INFO: Short-Term MA: 118.88799999999999
2024-09-11 01:01:27,927 - INFO: Mid-Term MA: 119.0829
2024-09-11 01:01:27,927 - INFO: Long-Term MA: 445.22165
2024-09-11 01:01:27,927 - INFO: RSI: 35.010482180293494
2024-09-11 01:01:27,928 - INFO: Volume Spike: False
2024-09-11 01:01:27,928 - INFO: Overall Score: 5.0%
2024-09-11 01:01:27,929 - INFO: NO BUY signal for NVDA. Conditions not met.
