2024-09-11 00:57:49,221 - INFO: Logger initialized successfully.
2024-09-11 00:57:49,221 - INFO: Logger initialized successfully.
2024-09-11 00:57:49,223 - INFO: Trader initialized with ticker AAPL
2024-09-11 00:57:49,225 - DEBUG: Starting new HTTPS connection (1): paper-api.alpaca.markets:443
2024-09-11 00:57:50,358 - DEBUG: https://paper-api.alpaca.markets:443 "GET /v2/account HTTP/1.1" 200 None
2024-09-11 00:57:50,359 - INFO: Account balance: 99825.38
2024-09-11 00:57:52,841 - INFO: Trader initialized with ticker AMZN
2024-09-11 00:57:52,843 - DEBUG: Starting new HTTPS connection (1): data.alpaca.markets:443
2024-09-11 00:57:53,972 - DEBUG: https://data.alpaca.markets:443 "GET /v2/stocks/AMZN/bars?timeframe=1Day&adjustment=raw&start=2024-04-14&end=2024-09-11&limit=100&feed=iex HTTP/1.1" 200 None
2024-09-11 00:57:53,984 - INFO: Fetching news articles for AMZN...
2024-09-11 00:57:53,986 - DEBUG: Starting new HTTPS connection (1): finnhub.io:443
2024-09-11 00:57:54,954 - DEBUG: https://finnhub.io:443 "GET /api/v1/company-news?symbol=AMZN&from=2023-09-01&to=2024-09-08&token=crep6r9r01qnd5d02ne0crep6r9r01qnd5d02neg HTTP/1.1" 200 None
2024-09-11 00:57:55,076 - INFO: Overall sentiment score for AMZN: 0
2024-09-11 00:57:55,078 - INFO: Last Close: 177.87
2024-09-11 00:57:55,078 - INFO: Short-Term (20-day) Moving Average: 174.123
2024-09-11 00:57:55,079 - INFO: Mid-Term (50-day) Moving Average: 181.8277
2024-09-11 00:57:55,079 - INFO: Long-Term (100-day) Moving Average: 182.39145
2024-09-11 00:57:55,080 - INFO: RSI (14-day): 50.437636761487965
2024-09-11 00:57:55,080 - INFO: Volume Spike: True
2024-09-11 00:57:55,080 - INFO: Overall Score: 40.0%
2024-09-11 00:57:55,081 - INFO: NO BUY signal for AMZN. Conditions not met.
