2024-09-08 21:45:56,017 - INFO: Logger initialized successfully.
2024-09-08 21:45:56,017 - INFO: Logger initialized successfully.
2024-09-08 21:45:56,018 - INFO: Trader initialized with ticker AAPL
2024-09-08 21:45:56,021 - DEBUG: Starting new HTTPS connection (1): paper-api.alpaca.markets:443
2024-09-08 21:45:57,352 - DEBUG: https://paper-api.alpaca.markets:443 "GET /v2/account HTTP/1.1" 200 None
2024-09-08 21:45:57,355 - INFO: Account balance: 100000
2024-09-08 21:45:58,876 - INFO: Trader initialized with ticker NVDA
2024-09-08 21:45:58,884 - DEBUG: Starting new HTTPS connection (1): data.alpaca.markets:443
2024-09-08 21:46:00,266 - DEBUG: https://data.alpaca.markets:443 "GET /v2/stocks/NVDA/bars?timeframe=1Day&adjustment=raw&start=2024-05-31&end=2024-09-08&limit=100&feed=iex HTTP/1.1" 200 None
2024-09-08 21:46:00,317 - INFO: Fetching news articles for NVDA...
2024-09-08 21:46:00,324 - DEBUG: Starting new HTTPS connection (1): finnhub.io:443
2024-09-08 21:46:03,030 - DEBUG: https://finnhub.io:443 "GET /api/v1/company-news?symbol=NVDA&from=2023-09-01&to=2024-09-08&token=crep6r9r01qnd5d02ne0crep6r9r01qnd5d02neg HTTP/1.1" 200 None
2024-09-08 21:46:03,578 - INFO: Overall sentiment score for NVDA: 1
2024-09-08 21:46:03,582 - INFO: Not enough data to calculate 100-day moving average.
2024-09-08 21:46:03,590 - INFO: Last Close: 102.87
2024-09-08 21:46:03,592 - INFO: Short-Term (20-day) Moving Average: 118.78299999999999
2024-09-08 21:46:03,594 - INFO: Mid-Term (50-day) Moving Average: 118.6125
2024-09-08 21:46:03,596 - INFO: Long-Term (100-day) Moving Average: nan
2024-09-08 21:46:03,598 - INFO: RSI (14-day): 30.333817126269977
2024-09-08 21:46:03,600 - INFO: Volume Spike: True
2024-09-08 21:46:03,602 - INFO: Overall Score: 20.0%
2024-09-08 21:46:03,603 - INFO: NO BUY signal for NVDA. Conditions not met.
