2024-09-08 22:14:49,562 - INFO: Logger initialized successfully.
2024-09-08 22:14:49,563 - INFO: Logger initialized successfully.
2024-09-08 22:14:49,564 - INFO: Trader initialized with ticker AAPL
2024-09-08 22:14:49,566 - DEBUG: Starting new HTTPS connection (1): paper-api.alpaca.markets:443
2024-09-08 22:14:51,028 - DEBUG: https://paper-api.alpaca.markets:443 "GET /v2/account HTTP/1.1" 200 None
2024-09-08 22:14:51,030 - INFO: Account balance: 100000
2024-09-08 22:14:55,787 - INFO: Trader initialized with ticker AMZN
2024-09-08 22:14:55,790 - DEBUG: Starting new HTTPS connection (1): data.alpaca.markets:443
2024-09-08 22:14:57,111 - DEBUG: https://data.alpaca.markets:443 "GET /v2/stocks/AMZN/bars?timeframe=1Day&adjustment=raw&start=2024-05-31&end=2024-09-08&limit=100&feed=iex HTTP/1.1" 200 None
2024-09-08 22:14:57,158 - INFO: Fetching news articles for AMZN...
2024-09-08 22:14:57,164 - DEBUG: Starting new HTTPS connection (1): finnhub.io:443
2024-09-08 22:14:58,669 - DEBUG: https://finnhub.io:443 "GET /api/v1/company-news?symbol=AMZN&from=2023-09-01&to=2024-09-08&token=crep6r9r01qnd5d02ne0crep6r9r01qnd5d02neg HTTP/1.1" 200 None
2024-09-08 22:14:59,188 - INFO: Overall sentiment score for AMZN: 3
2024-09-08 22:14:59,192 - INFO: Not enough data to calculate 100-day moving average. Using available 68 days.
2024-09-08 22:14:59,201 - INFO: Last Close: 171.45
2024-09-08 22:14:59,203 - INFO: Short-Term (20-day) Moving Average: 174.4085
2024-09-08 22:14:59,205 - INFO: Mid-Term (50-day) Moving Average: 181.38490000000002
2024-09-08 22:14:59,207 - INFO: Long-Term (100-day) Moving Average: 182.2071323529412
2024-09-08 22:14:59,209 - INFO: RSI (14-day): 42.6175382989963
2024-09-08 22:14:59,211 - INFO: Volume Spike: True
2024-09-08 22:14:59,213 - INFO: Overall Score: 70.0%
2024-09-08 22:14:59,215 - INFO: BUY signal for AMZN. All conditions met.
