2024-09-08 18:14:17,458 - INFO: Logger initialized successfully.
2024-09-08 18:14:17,459 - INFO: Logger initialized successfully.
2024-09-08 18:14:17,460 - INFO: Trader initialized with ticker AAPL
2024-09-08 18:14:17,463 - DEBUG: Starting new HTTPS connection (1): paper-api.alpaca.markets:443
2024-09-08 18:14:18,696 - DEBUG: https://paper-api.alpaca.markets:443 "GET /v2/account HTTP/1.1" 200 None
2024-09-08 18:14:18,697 - INFO: Account balance: 100000
2024-09-08 18:14:20,678 - INFO: Trader initialized with ticker NVDA
2024-09-08 18:14:20,680 - DEBUG: Starting new HTTPS connection (1): data.alpaca.markets:443
2024-09-08 18:14:21,935 - DEBUG: https://data.alpaca.markets:443 "GET /v2/stocks/NVDA/bars?timeframe=1Day&adjustment=raw&start=2024-05-31&end=2024-09-08&limit=100&feed=iex HTTP/1.1" 200 None
2024-09-08 18:14:21,952 - INFO: Fetching news articles for NVDA...
2024-09-08 18:14:21,954 - DEBUG: Starting new HTTPS connection (1): finnhub.io:443
2024-09-08 18:14:22,955 - DEBUG: https://finnhub.io:443 "GET /api/v1/company-news?symbol=NVDA&from=2023-09-01&to=2024-09-08&token=crep6r9r01qnd5d02ne0crep6r9r01qnd5d02neg HTTP/1.1" 200 None
2024-09-08 18:14:23,375 - INFO: Overall sentiment score for NVDA: 1
2024-09-08 18:14:23,377 - INFO: Last Close: 102.87
2024-09-08 18:14:23,378 - INFO: Average OHLC for the last 100 days: Open     213.546029
High     217.335147
Low      208.106985
Close    213.357574
dtype: float64
2024-09-08 18:14:23,379 - INFO: 100-Day Moving Average: nan
2024-09-08 18:14:23,379 - INFO: RSI (14-day): 30.333817126269977
2024-09-08 18:14:23,380 - INFO: Volume Spike: True
2024-09-08 18:14:23,380 - INFO: Overall Score: 30.000000000000004%
2024-09-08 18:14:23,381 - INFO: NO BUY signal for NVDA. Conditions not met.
