2024-09-11 11:11:24,343 - INFO: Logger initialized successfully.
2024-09-11 11:11:24,345 - INFO: Logger initialized successfully.
2024-09-11 11:11:24,348 - INFO: Trader initialized with ticker AAPL
2024-09-11 11:11:24,357 - DEBUG: Starting new HTTPS connection (1): paper-api.alpaca.markets:443
2024-09-11 11:11:26,017 - DEBUG: https://paper-api.alpaca.markets:443 "GET /v2/account HTTP/1.1" 200 None
2024-09-11 11:11:26,018 - INFO: Account balance: 99825.38
2024-09-11 11:11:35,889 - INFO: Trader initialized with ticker NVDA
2024-09-11 11:11:35,895 - DEBUG: Starting new HTTPS connection (1): data.alpaca.markets:443
2024-09-11 11:11:37,922 - DEBUG: https://data.alpaca.markets:443 "GET /v2/stocks/NVDA/bars?timeframe=1Day&adjustment=raw&start=2024-04-14&end=2024-09-11&limit=100&feed=iex HTTP/1.1" 200 None
2024-09-11 11:11:39,989 - INFO: Fetching news articles for NVDA...
2024-09-11 11:11:39,991 - DEBUG: Starting new HTTPS connection (1): finnhub.io:443
2024-09-11 11:11:42,375 - DEBUG: https://finnhub.io:443 "GET /api/v1/company-news?symbol=NVDA&from=2023-09-01&to=2024-09-08&token=crep6r9r01qnd5d02ne0crep6r9r01qnd5d02neg HTTP/1.1" 200 None
2024-09-11 11:11:43,062 - INFO: Overall sentiment score for NVDA: 1
2024-09-11 11:11:43,068 - INFO: Last Close: 107.17
2024-09-11 11:11:43,069 - INFO: Short-Term MA: 118.88799999999999
2024-09-11 11:11:43,070 - INFO: Mid-Term MA: 119.0829
2024-09-11 11:11:43,072 - INFO: Long-Term MA: 445.22165
2024-09-11 11:11:43,073 - INFO: RSI: 35.010482180293494
2024-09-11 11:11:43,074 - INFO: Volume Spike: False
2024-09-11 11:11:43,075 - INFO: Overall Score: 5.0%
2024-09-11 11:11:43,076 - INFO: NO BUY signal for NVDA. Conditions not met.
