2024-09-11 11:12:56,621 - INFO: Logger initialized successfully.
2024-09-11 11:12:56,624 - INFO: Logger initialized successfully.
2024-09-11 11:12:56,627 - INFO: Trader initialized with ticker AAPL
2024-09-11 11:12:56,635 - DEBUG: Starting new HTTPS connection (1): paper-api.alpaca.markets:443
2024-09-11 11:12:58,629 - DEBUG: https://paper-api.alpaca.markets:443 "GET /v2/account HTTP/1.1" 200 None
2024-09-11 11:12:58,633 - INFO: Account balance: 99825.38
2024-09-11 11:13:02,748 - INFO: Trader initialized with ticker BTC
2024-09-11 11:13:02,750 - DEBUG: Starting new HTTPS connection (1): data.alpaca.markets:443
2024-09-11 11:13:04,143 - DEBUG: https://data.alpaca.markets:443 "GET /v2/stocks/BTC/bars?timeframe=1Day&adjustment=raw&start=2024-04-14&end=2024-09-11&limit=100&feed=iex HTTP/1.1" 200 None
2024-09-11 11:13:04,161 - INFO: Fetching news articles for BTC...
2024-09-11 11:13:04,163 - DEBUG: Starting new HTTPS connection (1): finnhub.io:443
2024-09-11 11:13:05,550 - DEBUG: https://finnhub.io:443 "GET /api/v1/company-news?symbol=BTC&from=2023-09-01&to=2024-09-08&token=crep6r9r01qnd5d02ne0crep6r9r01qnd5d02neg HTTP/1.1" 200 None
2024-09-11 11:13:06,055 - INFO: Overall sentiment score for BTC: 1
2024-09-11 11:13:06,059 - INFO: Not enough data to calculate 50-day moving average. Using available 29 days.
2024-09-11 11:13:06,062 - INFO: Not enough data to calculate 100-day moving average. Using available 29 days.
2024-09-11 11:13:06,072 - INFO: Not enough data to calculate 30-day volume average.
2024-09-11 11:13:06,074 - INFO: Last Close: 5.14
2024-09-11 11:13:06,076 - INFO: Short-Term MA: 5.250249999999999
2024-09-11 11:13:06,078 - INFO: Mid-Term MA: 5.258620689655173
2024-09-11 11:13:06,080 - INFO: Long-Term MA: 5.258620689655173
2024-09-11 11:13:06,082 - INFO: RSI: 46.37305699481864
2024-09-11 11:13:06,084 - INFO: Volume Spike: False
2024-09-11 11:13:06,086 - INFO: Overall Score: 15.0%
2024-09-11 11:13:06,087 - INFO: NO BUY signal for BTC. Conditions not met.
