2024-09-11 10:28:31,683 - INFO: Logger initialized successfully.
2024-09-11 10:28:31,683 - INFO: Logger initialized successfully.
2024-09-11 10:28:31,684 - INFO: Trader initialized with ticker AAPL
2024-09-11 10:28:31,687 - DEBUG: Starting new HTTPS connection (1): paper-api.alpaca.markets:443
2024-09-11 10:28:34,670 - DEBUG: https://paper-api.alpaca.markets:443 "GET /v2/account HTTP/1.1" 200 None
2024-09-11 10:28:34,671 - INFO: Account balance: 99825.38
2024-09-11 10:28:36,032 - INFO: Trader initialized with ticker btc
2024-09-11 10:28:36,034 - DEBUG: Starting new HTTPS connection (1): data.alpaca.markets:443
2024-09-11 10:28:38,520 - DEBUG: https://data.alpaca.markets:443 "GET /v2/stocks/btc/bars?timeframe=1Day&adjustment=raw&start=2024-04-14&end=2024-09-11&limit=100&feed=iex HTTP/1.1" 200 None
2024-09-11 10:28:38,551 - INFO: Fetching news articles for btc...
2024-09-11 10:28:38,553 - DEBUG: Starting new HTTPS connection (1): finnhub.io:443
2024-09-11 10:28:41,302 - DEBUG: https://finnhub.io:443 "GET /api/v1/company-news?symbol=btc&from=2023-09-01&to=2024-09-08&token=crep6r9r01qnd5d02ne0crep6r9r01qnd5d02neg HTTP/1.1" 200 None
2024-09-11 10:28:41,310 - INFO: Overall sentiment score for btc: 1
2024-09-11 10:28:41,315 - INFO: Not enough data to calculate 50-day moving average. Using available 29 days.
2024-09-11 10:28:41,316 - INFO: Not enough data to calculate 100-day moving average. Using available 29 days.
2024-09-11 10:28:41,319 - INFO: Not enough data to calculate 30-day volume average.
2024-09-11 10:28:41,320 - INFO: Last Close: 5.14
2024-09-11 10:28:41,321 - INFO: Short-Term MA: 5.250249999999999
2024-09-11 10:28:41,321 - INFO: Mid-Term MA: 5.258620689655173
2024-09-11 10:28:41,321 - INFO: Long-Term MA: 5.258620689655173
2024-09-11 10:28:41,322 - INFO: RSI: 46.37305699481864
2024-09-11 10:28:41,322 - INFO: Volume Spike: False
2024-09-11 10:28:41,323 - INFO: Overall Score: 15.0%
2024-09-11 10:28:41,323 - INFO: NO BUY signal for btc. Conditions not met.
