2024-09-11 00:58:07,193 - INFO: Logger initialized successfully.
2024-09-11 00:58:07,194 - INFO: Logger initialized successfully.
2024-09-11 00:58:07,195 - INFO: Trader initialized with ticker AAPL
2024-09-11 00:58:07,197 - DEBUG: Starting new HTTPS connection (1): paper-api.alpaca.markets:443
2024-09-11 00:58:08,364 - DEBUG: https://paper-api.alpaca.markets:443 "GET /v2/account HTTP/1.1" 200 None
2024-09-11 00:58:08,366 - INFO: Account balance: 99825.38
2024-09-11 00:58:10,656 - INFO: Trader initialized with ticker NVDA
2024-09-11 00:58:10,658 - DEBUG: Starting new HTTPS connection (1): data.alpaca.markets:443
2024-09-11 00:58:11,887 - DEBUG: https://data.alpaca.markets:443 "GET /v2/stocks/NVDA/bars?timeframe=1Day&adjustment=raw&start=2024-04-14&end=2024-09-11&limit=100&feed=iex HTTP/1.1" 200 None
2024-09-11 00:58:11,906 - INFO: Fetching news articles for NVDA...
2024-09-11 00:58:11,908 - DEBUG: Starting new HTTPS connection (1): finnhub.io:443
2024-09-11 00:58:12,811 - DEBUG: https://finnhub.io:443 "GET /api/v1/company-news?symbol=NVDA&from=2023-09-01&to=2024-09-08&token=crep6r9r01qnd5d02ne0crep6r9r01qnd5d02neg HTTP/1.1" 200 None
2024-09-11 00:58:13,143 - INFO: Overall sentiment score for NVDA: 1
2024-09-11 00:58:13,145 - INFO: Last Close: 107.17
2024-09-11 00:58:13,146 - INFO: Short-Term (20-day) Moving Average: 118.88799999999999
2024-09-11 00:58:13,147 - INFO: Mid-Term (50-day) Moving Average: 119.0829
2024-09-11 00:58:13,147 - INFO: Long-Term (100-day) Moving Average: 445.22165
2024-09-11 00:58:13,147 - INFO: RSI (14-day): 35.010482180293494
2024-09-11 00:58:13,148 - INFO: Volume Spike: False
2024-09-11 00:58:13,148 - INFO: Overall Score: 10.0%
2024-09-11 00:58:13,148 - INFO: NO BUY signal for NVDA. Conditions not met.
