2024-09-11 01:01:14,778 - INFO: Logger initialized successfully.
2024-09-11 01:01:14,780 - INFO: Logger initialized successfully.
2024-09-11 01:01:14,781 - INFO: Trader initialized with ticker AAPL
2024-09-11 01:01:14,784 - DEBUG: Starting new HTTPS connection (1): paper-api.alpaca.markets:443
2024-09-11 01:01:15,901 - DEBUG: https://paper-api.alpaca.markets:443 "GET /v2/account HTTP/1.1" 200 None
2024-09-11 01:01:15,902 - INFO: Account balance: 99825.38
2024-09-11 01:01:16,513 - INFO: Trader initialized with ticker AAPL
2024-09-11 01:01:16,515 - DEBUG: Starting new HTTPS connection (1): data.alpaca.markets:443
2024-09-11 01:01:17,718 - DEBUG: https://data.alpaca.markets:443 "GET /v2/stocks/AAPL/bars?timeframe=1Day&adjustment=raw&start=2024-04-14&end=2024-09-11&limit=100&feed=iex HTTP/1.1" 200 None
2024-09-11 01:01:17,733 - INFO: Fetching news articles for AAPL...
2024-09-11 01:01:17,735 - DEBUG: Starting new HTTPS connection (1): finnhub.io:443
2024-09-11 01:01:18,657 - DEBUG: https://finnhub.io:443 "GET /api/v1/company-news?symbol=AAPL&from=2023-09-01&to=2024-09-08&token=crep6r9r01qnd5d02ne0crep6r9r01qnd5d02neg HTTP/1.1" 200 None
2024-09-11 01:01:19,123 - INFO: Overall sentiment score for AAPL: 0
2024-09-11 01:01:19,125 - INFO: Last Close: 222.29
2024-09-11 01:01:19,125 - INFO: Short-Term MA: 223.85425
2024-09-11 01:01:19,126 - INFO: Mid-Term MA: 222.4159
2024-09-11 01:01:19,126 - INFO: Long-Term MA: 205.26995
2024-09-11 01:01:19,126 - INFO: RSI: 44.873985476292184
2024-09-11 01:01:19,127 - INFO: Volume Spike: False
2024-09-11 01:01:19,127 - INFO: Overall Score: 44.99999999999999%
2024-09-11 01:01:19,127 - INFO: NO BUY signal for AAPL. Conditions not met.
