2024-09-08 22:12:06,927 - INFO: Logger initialized successfully.
2024-09-08 22:12:06,930 - INFO: Logger initialized successfully.
2024-09-08 22:12:06,932 - INFO: Trader initialized with ticker AAPL
2024-09-08 22:12:06,939 - DEBUG: Starting new HTTPS connection (1): paper-api.alpaca.markets:443
2024-09-08 22:12:08,238 - DEBUG: https://paper-api.alpaca.markets:443 "GET /v2/account HTTP/1.1" 200 None
2024-09-08 22:12:08,242 - INFO: Account balance: 100000
2024-09-08 22:12:14,342 - INFO: Trader initialized with ticker AAPL
2024-09-08 22:12:14,344 - DEBUG: Starting new HTTPS connection (1): data.alpaca.markets:443
2024-09-08 22:12:15,883 - DEBUG: https://data.alpaca.markets:443 "GET /v2/stocks/AAPL/bars?timeframe=1Day&adjustment=raw&start=2024-05-31&end=2024-09-08&limit=100&feed=iex HTTP/1.1" 200 None
2024-09-08 22:12:15,936 - INFO: Fetching news articles for AAPL...
2024-09-08 22:12:15,944 - DEBUG: Starting new HTTPS connection (1): finnhub.io:443
2024-09-08 22:12:17,110 - DEBUG: https://finnhub.io:443 "GET /api/v1/company-news?symbol=AAPL&from=2023-09-01&to=2024-09-08&token=crep6r9r01qnd5d02ne0crep6r9r01qnd5d02neg HTTP/1.1" 200 None
2024-09-08 22:12:17,123 - INFO: Overall sentiment score for AAPL: 0
2024-09-08 22:12:17,124 - INFO: Not enough data to calculate 100-day moving average.
2024-09-08 22:12:17,127 - INFO: Last Close: 220.95
2024-09-08 22:12:17,127 - INFO: Short-Term (20-day) Moving Average: 224.23425000000003
2024-09-08 22:12:17,128 - INFO: Mid-Term (50-day) Moving Average: 222.57150000000001
2024-09-08 22:12:17,129 - INFO: Long-Term (100-day) Moving Average: nan
2024-09-08 22:12:17,129 - INFO: RSI (14-day): 39.07185628742515
2024-09-08 22:12:17,130 - INFO: Volume Spike: True
2024-09-08 22:12:17,130 - INFO: Overall Score: 20.0%
2024-09-08 22:12:17,131 - INFO: NO BUY signal for AAPL. Conditions not met.
