2024-09-08 18:22:16,044 - INFO: Logger initialized successfully.
2024-09-08 18:22:16,045 - INFO: Logger initialized successfully.
2024-09-08 18:22:16,046 - INFO: Trader initialized with ticker AAPL
2024-09-08 18:22:16,048 - DEBUG: Starting new HTTPS connection (1): paper-api.alpaca.markets:443
2024-09-08 18:22:17,527 - DEBUG: https://paper-api.alpaca.markets:443 "GET /v2/account HTTP/1.1" 200 None
2024-09-08 18:22:17,528 - INFO: Account balance: 100000
2024-09-08 18:22:20,237 - INFO: Trader initialized with ticker NVDA
2024-09-08 18:22:20,238 - DEBUG: Starting new HTTPS connection (1): data.alpaca.markets:443
2024-09-08 18:22:23,814 - DEBUG: https://data.alpaca.markets:443 "GET /v2/stocks/NVDA/bars?timeframe=1Day&adjustment=raw&start=2024-05-31&end=2024-09-08&limit=100&feed=iex HTTP/1.1" 200 None
2024-09-08 18:22:23,843 - INFO: Fetching news articles for NVDA...
2024-09-08 18:22:23,845 - DEBUG: Starting new HTTPS connection (1): finnhub.io:443
2024-09-08 18:22:24,820 - DEBUG: https://finnhub.io:443 "GET /api/v1/company-news?symbol=NVDA&from=2023-09-01&to=2024-09-08&token=crep6r9r01qnd5d02ne0crep6r9r01qnd5d02neg HTTP/1.1" 200 None
2024-09-08 18:22:24,928 - INFO: Overall sentiment score for NVDA: 1
2024-09-08 18:22:24,929 - INFO: Not enough data to calculate 100-day moving average.
2024-09-08 18:22:24,931 - INFO: Last Close: 102.87
2024-09-08 18:22:24,931 - INFO: Short-Term (20-day) Moving Average: 118.78299999999999
2024-09-08 18:22:24,932 - INFO: Mid-Term (50-day) Moving Average: 118.6125
2024-09-08 18:22:24,933 - INFO: Long-Term (100-day) Moving Average: nan
2024-09-08 18:22:24,933 - INFO: RSI (14-day): 30.333817126269977
2024-09-08 18:22:24,933 - INFO: Volume Spike: True
2024-09-08 18:22:24,934 - INFO: Overall Score: 20.0%
2024-09-08 18:22:24,934 - INFO: NO BUY signal for NVDA. Conditions not met.
